<?xml version="1.0" encoding="UTF-8"?>
<testng-results ignored="0" total="1" passed="1" failed="0" skipped="0">
  <reporter-output>
  </reporter-output>
  <suite started-at="2026-09-20T07:47:01 EEST" name="Default suite" finished-at="2026-09-20T07:47:27 EEST" duration-ms="26230">
    <groups>
    </groups>
    <test started-at="2026-09-20T07:47:01 EEST" name="Default test" finished-at="2026-09-20T07:47:27 EEST" duration-ms="26230">
      <class name="ballard.tests.BallardLoginTest">
        <test-method is-config="true" signature="setUP()[pri:0, instance:ballard.tests.BallardLoginTest@292b08d6]" started-at="2026-09-20T07:47:01 EEST" name="setUP" finished-at="2026-09-20T07:47:17 EEST" duration-ms="15810" status="PASS">
          <reporter-output>
          </reporter-output>
        </test-method> <!-- setUP -->
        <test-method signature="ballardLogin()[pri:0, instance:ballard.tests.BallardLoginTest@292b08d6]" started-at="2026-09-20T07:47:17 EEST" name="ballardLogin" finished-at="2026-09-20T07:47:27 EEST" duration-ms="10381" status="PASS">
          <reporter-output>
          </reporter-output>
        </test-method> <!-- ballardLogin -->
      </class> <!-- ballard.tests.BallardLoginTest -->
    </test> <!-- Default test -->
  </suite> <!-- Default suite -->
</testng-results>
