<?xml version="1.0" encoding="UTF-8"?>
<testng-results ignored="0" total="1" passed="1" failed="0" skipped="0">
  <reporter-output>
  </reporter-output>
  <suite started-at="2026-09-07T09:11:36 EEST" name="Default suite" finished-at="2026-09-07T09:11:56 EEST" duration-ms="19699">
    <groups>
    </groups>
    <test started-at="2026-09-07T09:11:36 EEST" name="Default test" finished-at="2026-09-07T09:11:56 EEST" duration-ms="19699">
      <class name="ballard.tests.BallardLoginTest">
        <test-method is-config="true" signature="setUP()[pri:0, instance:ballard.tests.BallardLoginTest@292b08d6]" started-at="2026-09-07T09:11:36 EEST" name="setUP" finished-at="2026-09-07T09:11:45 EEST" duration-ms="9139" status="PASS">
          <reporter-output>
          </reporter-output>
        </test-method> <!-- setUP -->
        <test-method signature="ballardLogin()[pri:0, instance:ballard.tests.BallardLoginTest@292b08d6]" started-at="2026-09-07T09:11:45 EEST" name="ballardLogin" finished-at="2026-09-07T09:11:56 EEST" duration-ms="10524" status="PASS">
          <reporter-output>
          </reporter-output>
        </test-method> <!-- ballardLogin -->
      </class> <!-- ballard.tests.BallardLoginTest -->
    </test> <!-- Default test -->
  </suite> <!-- Default suite -->
</testng-results>
